This is pdfTeX, Version 3.14159265-2.6-1.40.16 (MiKTeX 2.9) (preloaded format=pdflatex 2016.10.10)  18 MAY 2017 14:47
entering extended mode
**./templateIEEE_PIDR.tex
(templateIEEE_PIDR.tex
LaTeX2e <2015/10/01> patch level 2
Babel <3.9n> and hyphenation patterns for 69 languages loaded.
("C:\Program Files (x86)\MiKTeX 2.9\tex\latex\ieeetran\IEEEtran.cls"
Document Class: IEEEtran 2015/08/26 V1.8b by Michael Shell
-- See the "IEEEtran_HOWTO" manual for usage information.
-- http://www.michaelshell.org/tex/ieeetran/
\@IEEEtrantmpdimenA=\dimen102
\@IEEEtrantmpdimenB=\dimen103
\@IEEEtrantmpdimenC=\dimen104
\@IEEEtrantmpcountA=\count79
\@IEEEtrantmpcountB=\count80
\@IEEEtrantmpcountC=\count81
\@IEEEtrantmptoksA=\toks14
LaTeX Font Info:    Try loading font information for OT1+ptm on input line 503.

("C:\Program Files (x86)\MiKTeX 2.9\tex\latex\psnfss\ot1ptm.fd"
File: ot1ptm.fd 2001/06/04 font definitions for OT1/ptm.
)
-- Using 8.5in x 11in (letter) paper.
-- Using PDF output.
\@IEEEnormalsizeunitybaselineskip=\dimen105
-- This is a 10 point document.
\CLASSINFOnormalsizebaselineskip=\dimen106
\CLASSINFOnormalsizeunitybaselineskip=\dimen107
\IEEEnormaljot=\dimen108
LaTeX Font Info:    Font shape `OT1/ptm/bx/n' in size <5> not available
(Font)              Font shape `OT1/ptm/b/n' tried instead on input line 1090.
LaTeX Font Info:    Font shape `OT1/ptm/bx/it' in size <5> not available
(Font)              Font shape `OT1/ptm/b/it' tried instead on input line 1090.

LaTeX Font Info:    Font shape `OT1/ptm/bx/n' in size <7> not available
(Font)              Font shape `OT1/ptm/b/n' tried instead on input line 1090.
LaTeX Font Info:    Font shape `OT1/ptm/bx/it' in size <7> not available
(Font)              Font shape `OT1/ptm/b/it' tried instead on input line 1090.

LaTeX Font Info:    Font shape `OT1/ptm/bx/n' in size <8> not available
(Font)              Font shape `OT1/ptm/b/n' tried instead on input line 1090.
LaTeX Font Info:    Font shape `OT1/ptm/bx/it' in size <8> not available
(Font)              Font shape `OT1/ptm/b/it' tried instead on input line 1090.

LaTeX Font Info:    Font shape `OT1/ptm/bx/n' in size <9> not available
(Font)              Font shape `OT1/ptm/b/n' tried instead on input line 1090.
LaTeX Font Info:    Font shape `OT1/ptm/bx/it' in size <9> not available
(Font)              Font shape `OT1/ptm/b/it' tried instead on input line 1090.

LaTeX Font Info:    Font shape `OT1/ptm/bx/n' in size <10> not available
(Font)              Font shape `OT1/ptm/b/n' tried instead on input line 1090.
LaTeX Font Info:    Font shape `OT1/ptm/bx/it' in size <10> not available
(Font)              Font shape `OT1/ptm/b/it' tried instead on input line 1090.

LaTeX Font Info:    Font shape `OT1/ptm/bx/n' in size <11> not available
(Font)              Font shape `OT1/ptm/b/n' tried instead on input line 1090.
LaTeX Font Info:    Font shape `OT1/ptm/bx/it' in size <11> not available
(Font)              Font shape `OT1/ptm/b/it' tried instead on input line 1090.

LaTeX Font Info:    Font shape `OT1/ptm/bx/n' in size <12> not available
(Font)              Font shape `OT1/ptm/b/n' tried instead on input line 1090.
LaTeX Font Info:    Font shape `OT1/ptm/bx/it' in size <12> not available
(Font)              Font shape `OT1/ptm/b/it' tried instead on input line 1090.

LaTeX Font Info:    Font shape `OT1/ptm/bx/n' in size <17> not available
(Font)              Font shape `OT1/ptm/b/n' tried instead on input line 1090.
LaTeX Font Info:    Font shape `OT1/ptm/bx/it' in size <17> not available
(Font)              Font shape `OT1/ptm/b/it' tried instead on input line 1090.

LaTeX Font Info:    Font shape `OT1/ptm/bx/n' in size <20> not available
(Font)              Font shape `OT1/ptm/b/n' tried instead on input line 1090.
LaTeX Font Info:    Font shape `OT1/ptm/bx/it' in size <20> not available
(Font)              Font shape `OT1/ptm/b/it' tried instead on input line 1090.

LaTeX Font Info:    Font shape `OT1/ptm/bx/n' in size <24> not available
(Font)              Font shape `OT1/ptm/b/n' tried instead on input line 1090.
LaTeX Font Info:    Font shape `OT1/ptm/bx/it' in size <24> not available
(Font)              Font shape `OT1/ptm/b/it' tried instead on input line 1090.

\IEEEquantizedlength=\dimen109
\IEEEquantizedlengthdiff=\dimen110
\IEEEquantizedtextheightdiff=\dimen111
\IEEEilabelindentA=\dimen112
\IEEEilabelindentB=\dimen113
\IEEEilabelindent=\dimen114
\IEEEelabelindent=\dimen115
\IEEEdlabelindent=\dimen116
\IEEElabelindent=\dimen117
\IEEEiednormlabelsep=\dimen118
\IEEEiedmathlabelsep=\dimen119
\IEEEiedtopsep=\skip41
\c@section=\count82
\c@subsection=\count83
\c@subsubsection=\count84
\c@paragraph=\count85
\c@IEEEsubequation=\count86
\abovecaptionskip=\skip42
\belowcaptionskip=\skip43
\c@figure=\count87
\c@table=\count88
\@IEEEeqnnumcols=\count89
\@IEEEeqncolcnt=\count90
\@IEEEsubeqnnumrollback=\count91
\@IEEEquantizeheightA=\dimen120
\@IEEEquantizeheightB=\dimen121
\@IEEEquantizeheightC=\dimen122
\@IEEEquantizeprevdepth=\dimen123
\@IEEEquantizemultiple=\count92
\@IEEEquantizeboxA=\box26
\@IEEEtmpitemindent=\dimen124
\IEEEPARstartletwidth=\dimen125
\c@IEEEbiography=\count93
\@IEEEtranrubishbin=\box27
) ("C:\Program Files (x86)\MiKTeX 2.9\tex\generic\babel\babel.sty"
Package: babel 2016/01/08 3.9n The Babel package

*************************************
* Local config file bblopts.cfg used
*
("C:\Program Files (x86)\MiKTeX 2.9\tex\latex\00miktex\bblopts.cfg"
File: bblopts.cfg 2006/07/31 v1.0 MiKTeX 'babel' configuration
)
("C:\Program Files (x86)\MiKTeX 2.9\tex\latex\babel-french\frenchb.ldf"
Language: frenchb 2016/01/01 v3.1k French support from the babel system

("C:\Program Files (x86)\MiKTeX 2.9\tex\generic\babel\babel.def"
File: babel.def 2016/01/08 3.9n Babel common definitions
\babel@savecnt=\count94
\U@D=\dimen126
)
\l@acadian = a dialect from \language\l@french 
\l@canadien = a dialect from \language\l@french 
\FBcolonskip=\skip44
\FBthinskip=\skip45
\FB@interchartokenstateORI=\count95
Package babel Info: Making : an active character on input line 372.
Package babel Info: Making ; an active character on input line 373.
Package babel Info: Making ! an active character on input line 374.
Package babel Info: Making ? an active character on input line 375.
\FBguillskip=\skip46
\FBguill@level=\count96
\FB@everypar=\toks15
\FB@Mht=\dimen127
\std@mcc=\count97
\dec@mcc=\count98
\listindentFB=\skip47
\labelwidthFB=\skip48
\leftmarginFB=\skip49
\parindentFFN=\dimen128
))
("C:\Program Files (x86)\MiKTeX 2.9\tex\latex\carlisle\scalefnt.sty")
("C:\Program Files (x86)\MiKTeX 2.9\tex\latex\graphics\keyval.sty"
Package: keyval 2014/10/28 v1.15 key=value parser (DPC)
\KV@toks@=\toks16
)
("C:\Program Files (x86)\MiKTeX 2.9\tex\latex\float\float.sty"
Package: float 2001/11/08 v1.3d Float enhancements (AL)
\c@float@type=\count99
\float@exts=\toks17
\float@box=\box28
\@float@everytoks=\toks18
\@floatcapt=\box29
)
("C:\Program Files (x86)\MiKTeX 2.9\tex\latex\graphics\graphicx.sty"
Package: graphicx 2014/10/28 v1.0g Enhanced LaTeX Graphics (DPC,SPQR)

("C:\Program Files (x86)\MiKTeX 2.9\tex\latex\graphics\graphics.sty"
Package: graphics 2014/10/28 v1.0p Standard LaTeX Graphics (DPC,SPQR)

("C:\Program Files (x86)\MiKTeX 2.9\tex\latex\graphics\trig.sty"
Package: trig 1999/03/16 v1.09 sin cos tan (DPC)
)
("C:\Program Files (x86)\MiKTeX 2.9\tex\latex\00miktex\graphics.cfg"
File: graphics.cfg 2007/01/18 v1.5 graphics configuration of teTeX/TeXLive
)
Package graphics Info: Driver file: pdftex.def on input line 94.

("C:\Program Files (x86)\MiKTeX 2.9\tex\latex\pdftex-def\pdftex.def"
File: pdftex.def 2011/05/27 v0.06d Graphics/color for pdfTeX

("C:\Program Files (x86)\MiKTeX 2.9\tex\generic\oberdiek\infwarerr.sty"
Package: infwarerr 2010/04/08 v1.3 Providing info/warning/error messages (HO)
)
("C:\Program Files (x86)\MiKTeX 2.9\tex\generic\oberdiek\ltxcmds.sty"
Package: ltxcmds 2011/11/09 v1.22 LaTeX kernel commands for general use (HO)
)
\Gread@gobject=\count100
))
\Gin@req@height=\dimen129
\Gin@req@width=\dimen130
)
("C:\Program Files (x86)\MiKTeX 2.9\tex\latex\pdfpages\pdfpages.sty"
Package: pdfpages 2017/01/14 v0.5h Insert pages of external PDF documents (AM)

("C:\Program Files (x86)\MiKTeX 2.9\tex\latex\base\ifthen.sty"
Package: ifthen 2014/09/29 v1.1c Standard LaTeX ifthen package (DPC)
)
("C:\Program Files (x86)\MiKTeX 2.9\tex\latex\tools\calc.sty"
Package: calc 2014/10/28 v4.3 Infix arithmetic (KKT,FJ)
\calc@Acount=\count101
\calc@Bcount=\count102
\calc@Adimen=\dimen131
\calc@Bdimen=\dimen132
\calc@Askip=\skip50
\calc@Bskip=\skip51
LaTeX Info: Redefining \setlength on input line 80.
LaTeX Info: Redefining \addtolength on input line 81.
\calc@Ccount=\count103
\calc@Cskip=\skip52
)
("C:\Program Files (x86)\MiKTeX 2.9\tex\latex\eso-pic\eso-pic.sty"
Package: eso-pic 2015/07/21 v2.0g eso-pic (RN)

("C:\Program Files (x86)\MiKTeX 2.9\tex\generic\oberdiek\atbegshi.sty"
Package: atbegshi 2011/10/05 v1.16 At begin shipout hook (HO)

("C:\Program Files (x86)\MiKTeX 2.9\tex\generic\oberdiek\ifpdf.sty"
Package: ifpdf 2011/01/30 v2.3 Provides the ifpdf switch (HO)
Package ifpdf Info: pdfTeX in PDF mode is detected.
))
("C:\Program Files (x86)\MiKTeX 2.9\tex\latex\xcolor\xcolor.sty"
Package: xcolor 2016/05/11 v2.12 LaTeX color extensions (UK)

("C:\Program Files (x86)\MiKTeX 2.9\tex\latex\00miktex\color.cfg"
File: color.cfg 2007/01/18 v1.5 color configuration of teTeX/TeXLive
)
Package xcolor Info: Driver file: pdftex.def on input line 225.
Package xcolor Info: Model `cmy' substituted by `cmy0' on input line 1348.
Package xcolor Info: Model `hsb' substituted by `rgb' on input line 1352.
Package xcolor Info: Model `RGB' extended on input line 1364.
Package xcolor Info: Model `HTML' substituted by `rgb' on input line 1366.
Package xcolor Info: Model `Hsb' substituted by `hsb' on input line 1367.
Package xcolor Info: Model `tHsb' substituted by `hsb' on input line 1368.
Package xcolor Info: Model `HSB' substituted by `hsb' on input line 1369.
Package xcolor Info: Model `Gray' substituted by `gray' on input line 1370.
Package xcolor Info: Model `wave' substituted by `hsb' on input line 1371.
))
\AM@pagewidth=\dimen133
\AM@pageheight=\dimen134

("C:\Program Files (x86)\MiKTeX 2.9\tex\latex\pdfpages\pppdftex.def"
File: pppdftex.def 2017/01/14 v0.5h Pdfpages driver for pdfTeX (AM)
)
\AM@pagebox=\box30
\AM@global@opts=\toks19
\AM@toc@title=\toks20
\c@AM@survey=\count104
\AM@templatesizebox=\box31
)
("C:\Program Files (x86)\MiKTeX 2.9\tex\latex\url\url.sty"
\Urlmuskip=\muskip10
Package: url 2013/09/16  ver 3.4  Verb mode for urls, etc.
)
("C:\Program Files (x86)\MiKTeX 2.9\tex\latex\base\inputenc.sty"
Package: inputenc 2015/03/17 v1.2c Input encoding file
\inpenc@prehook=\toks21
\inpenc@posthook=\toks22

("C:\Program Files (x86)\MiKTeX 2.9\tex\latex\base\utf8.def"
File: utf8.def 2015/09/07 v1.1p UTF-8 support for inputenc
Now handling font encoding OML ...
... no UTF-8 mapping file for font encoding OML
Now handling font encoding T1 ...
... processing UTF-8 mapping file for font encoding T1

("C:\Program Files (x86)\MiKTeX 2.9\tex\latex\base\t1enc.dfu"
File: t1enc.dfu 2015/09/07 v1.1p UTF-8 support for inputenc
   defining Unicode char U+00A0 (decimal 160)
   defining Unicode char U+00A1 (decimal 161)
   defining Unicode char U+00A3 (decimal 163)
   defining Unicode char U+00AB (decimal 171)
   defining Unicode char U+00AD (decimal 173)
   defining Unicode char U+00BB (decimal 187)
   defining Unicode char U+00BF (decimal 191)
   defining Unicode char U+00C0 (decimal 192)
   defining Unicode char U+00C1 (decimal 193)
   defining Unicode char U+00C2 (decimal 194)
   defining Unicode char U+00C3 (decimal 195)
   defining Unicode char U+00C4 (decimal 196)
   defining Unicode char U+00C5 (decimal 197)
   defining Unicode char U+00C6 (decimal 198)
   defining Unicode char U+00C7 (decimal 199)
   defining Unicode char U+00C8 (decimal 200)
   defining Unicode char U+00C9 (decimal 201)
   defining Unicode char U+00CA (decimal 202)
   defining Unicode char U+00CB (decimal 203)
   defining Unicode char U+00CC (decimal 204)
   defining Unicode char U+00CD (decimal 205)
   defining Unicode char U+00CE (decimal 206)
   defining Unicode char U+00CF (decimal 207)
   defining Unicode char U+00D0 (decimal 208)
   defining Unicode char U+00D1 (decimal 209)
   defining Unicode char U+00D2 (decimal 210)
   defining Unicode char U+00D3 (decimal 211)
   defining Unicode char U+00D4 (decimal 212)
   defining Unicode char U+00D5 (decimal 213)
   defining Unicode char U+00D6 (decimal 214)
   defining Unicode char U+00D8 (decimal 216)
   defining Unicode char U+00D9 (decimal 217)
   defining Unicode char U+00DA (decimal 218)
   defining Unicode char U+00DB (decimal 219)
   defining Unicode char U+00DC (decimal 220)
   defining Unicode char U+00DD (decimal 221)
   defining Unicode char U+00DE (decimal 222)
   defining Unicode char U+00DF (decimal 223)
   defining Unicode char U+00E0 (decimal 224)
   defining Unicode char U+00E1 (decimal 225)
   defining Unicode char U+00E2 (decimal 226)
   defining Unicode char U+00E3 (decimal 227)
   defining Unicode char U+00E4 (decimal 228)
   defining Unicode char U+00E5 (decimal 229)
   defining Unicode char U+00E6 (decimal 230)
   defining Unicode char U+00E7 (decimal 231)
   defining Unicode char U+00E8 (decimal 232)
   defining Unicode char U+00E9 (decimal 233)
   defining Unicode char U+00EA (decimal 234)
   defining Unicode char U+00EB (decimal 235)
   defining Unicode char U+00EC (decimal 236)
   defining Unicode char U+00ED (decimal 237)
   defining Unicode char U+00EE (decimal 238)
   defining Unicode char U+00EF (decimal 239)
   defining Unicode char U+00F0 (decimal 240)
   defining Unicode char U+00F1 (decimal 241)
   defining Unicode char U+00F2 (decimal 242)
   defining Unicode char U+00F3 (decimal 243)
   defining Unicode char U+00F4 (decimal 244)
   defining Unicode char U+00F5 (decimal 245)
   defining Unicode char U+00F6 (decimal 246)
   defining Unicode char U+00F8 (decimal 248)
   defining Unicode char U+00F9 (decimal 249)
   defining Unicode char U+00FA (decimal 250)
   defining Unicode char U+00FB (decimal 251)
   defining Unicode char U+00FC (decimal 252)
   defining Unicode char U+00FD (decimal 253)
   defining Unicode char U+00FE (decimal 254)
   defining Unicode char U+00FF (decimal 255)
   defining Unicode char U+0102 (decimal 258)
   defining Unicode char U+0103 (decimal 259)
   defining Unicode char U+0104 (decimal 260)
   defining Unicode char U+0105 (decimal 261)
   defining Unicode char U+0106 (decimal 262)
   defining Unicode char U+0107 (decimal 263)
   defining Unicode char U+010C (decimal 268)
   defining Unicode char U+010D (decimal 269)
   defining Unicode char U+010E (decimal 270)
   defining Unicode char U+010F (decimal 271)
   defining Unicode char U+0110 (decimal 272)
   defining Unicode char U+0111 (decimal 273)
   defining Unicode char U+0118 (decimal 280)
   defining Unicode char U+0119 (decimal 281)
   defining Unicode char U+011A (decimal 282)
   defining Unicode char U+011B (decimal 283)
   defining Unicode char U+011E (decimal 286)
   defining Unicode char U+011F (decimal 287)
   defining Unicode char U+0130 (decimal 304)
   defining Unicode char U+0131 (decimal 305)
   defining Unicode char U+0132 (decimal 306)
   defining Unicode char U+0133 (decimal 307)
   defining Unicode char U+0139 (decimal 313)
   defining Unicode char U+013A (decimal 314)
   defining Unicode char U+013D (decimal 317)
   defining Unicode char U+013E (decimal 318)
   defining Unicode char U+0141 (decimal 321)
   defining Unicode char U+0142 (decimal 322)
   defining Unicode char U+0143 (decimal 323)
   defining Unicode char U+0144 (decimal 324)
   defining Unicode char U+0147 (decimal 327)
   defining Unicode char U+0148 (decimal 328)
   defining Unicode char U+014A (decimal 330)
   defining Unicode char U+014B (decimal 331)
   defining Unicode char U+0150 (decimal 336)
   defining Unicode char U+0151 (decimal 337)
   defining Unicode char U+0152 (decimal 338)
   defining Unicode char U+0153 (decimal 339)
   defining Unicode char U+0154 (decimal 340)
   defining Unicode char U+0155 (decimal 341)
   defining Unicode char U+0158 (decimal 344)
   defining Unicode char U+0159 (decimal 345)
   defining Unicode char U+015A (decimal 346)
   defining Unicode char U+015B (decimal 347)
   defining Unicode char U+015E (decimal 350)
   defining Unicode char U+015F (decimal 351)
   defining Unicode char U+0160 (decimal 352)
   defining Unicode char U+0161 (decimal 353)
   defining Unicode char U+0162 (decimal 354)
   defining Unicode char U+0163 (decimal 355)
   defining Unicode char U+0164 (decimal 356)
   defining Unicode char U+0165 (decimal 357)
   defining Unicode char U+016E (decimal 366)
   defining Unicode char U+016F (decimal 367)
   defining Unicode char U+0170 (decimal 368)
   defining Unicode char U+0171 (decimal 369)
   defining Unicode char U+0174 (decimal 372)
   defining Unicode char U+0175 (decimal 373)
   defining Unicode char U+0176 (decimal 374)
   defining Unicode char U+0177 (decimal 375)
   defining Unicode char U+0178 (decimal 376)
   defining Unicode char U+0179 (decimal 377)
   defining Unicode char U+017A (decimal 378)
   defining Unicode char U+017B (decimal 379)
   defining Unicode char U+017C (decimal 380)
   defining Unicode char U+017D (decimal 381)
   defining Unicode char U+017E (decimal 382)
   defining Unicode char U+0218 (decimal 536)
   defining Unicode char U+0219 (decimal 537)
   defining Unicode char U+021A (decimal 538)
   defining Unicode char U+021B (decimal 539)
   defining Unicode char U+200C (decimal 8204)
   defining Unicode char U+2013 (decimal 8211)
   defining Unicode char U+2014 (decimal 8212)
   defining Unicode char U+2018 (decimal 8216)
   defining Unicode char U+2019 (decimal 8217)
   defining Unicode char U+201A (decimal 8218)
   defining Unicode char U+201C (decimal 8220)
   defining Unicode char U+201D (decimal 8221)
   defining Unicode char U+201E (decimal 8222)
   defining Unicode char U+2030 (decimal 8240)
   defining Unicode char U+2031 (decimal 8241)
   defining Unicode char U+2039 (decimal 8249)
   defining Unicode char U+203A (decimal 8250)
   defining Unicode char U+2423 (decimal 9251)
)
Now handling font encoding OT1 ...
... processing UTF-8 mapping file for font encoding OT1

("C:\Program Files (x86)\MiKTeX 2.9\tex\latex\base\ot1enc.dfu"
File: ot1enc.dfu 2015/09/07 v1.1p UTF-8 support for inputenc
   defining Unicode char U+00A0 (decimal 160)
   defining Unicode char U+00A1 (decimal 161)
   defining Unicode char U+00A3 (decimal 163)
   defining Unicode char U+00AD (decimal 173)
   defining Unicode char U+00B8 (decimal 184)
   defining Unicode char U+00BF (decimal 191)
   defining Unicode char U+00C5 (decimal 197)
   defining Unicode char U+00C6 (decimal 198)
   defining Unicode char U+00D8 (decimal 216)
   defining Unicode char U+00DF (decimal 223)
   defining Unicode char U+00E6 (decimal 230)
   defining Unicode char U+00EC (decimal 236)
   defining Unicode char U+00ED (decimal 237)
   defining Unicode char U+00EE (decimal 238)
   defining Unicode char U+00EF (decimal 239)
   defining Unicode char U+00F8 (decimal 248)
   defining Unicode char U+0131 (decimal 305)
   defining Unicode char U+0141 (decimal 321)
   defining Unicode char U+0142 (decimal 322)
   defining Unicode char U+0152 (decimal 338)
   defining Unicode char U+0153 (decimal 339)
   defining Unicode char U+0174 (decimal 372)
   defining Unicode char U+0175 (decimal 373)
   defining Unicode char U+0176 (decimal 374)
   defining Unicode char U+0177 (decimal 375)
   defining Unicode char U+0218 (decimal 536)
   defining Unicode char U+0219 (decimal 537)
   defining Unicode char U+021A (decimal 538)
   defining Unicode char U+021B (decimal 539)
   defining Unicode char U+2013 (decimal 8211)
   defining Unicode char U+2014 (decimal 8212)
   defining Unicode char U+2018 (decimal 8216)
   defining Unicode char U+2019 (decimal 8217)
   defining Unicode char U+201C (decimal 8220)
   defining Unicode char U+201D (decimal 8221)
)
Now handling font encoding OMS ...
... processing UTF-8 mapping file for font encoding OMS

("C:\Program Files (x86)\MiKTeX 2.9\tex\latex\base\omsenc.dfu"
File: omsenc.dfu 2015/09/07 v1.1p UTF-8 support for inputenc
   defining Unicode char U+00A7 (decimal 167)
   defining Unicode char U+00B6 (decimal 182)
   defining Unicode char U+00B7 (decimal 183)
   defining Unicode char U+2020 (decimal 8224)
   defining Unicode char U+2021 (decimal 8225)
   defining Unicode char U+2022 (decimal 8226)
)
Now handling font encoding OMX ...
... no UTF-8 mapping file for font encoding OMX
Now handling font encoding U ...
... no UTF-8 mapping file for font encoding U
   defining Unicode char U+00A9 (decimal 169)
   defining Unicode char U+00AA (decimal 170)
   defining Unicode char U+00AE (decimal 174)
   defining Unicode char U+00BA (decimal 186)
   defining Unicode char U+02C6 (decimal 710)
   defining Unicode char U+02DC (decimal 732)
   defining Unicode char U+200C (decimal 8204)
   defining Unicode char U+2026 (decimal 8230)
   defining Unicode char U+2122 (decimal 8482)
   defining Unicode char U+2423 (decimal 9251)
))
(templateIEEE_PIDR.aux

LaTeX Warning: Label `fig:gallery' multiply defined.


LaTeX Warning: Label `fig:gallery' multiply defined.


LaTeX Warning: Label `fig:gallery' multiply defined.


LaTeX Warning: Label `fig:gallery' multiply defined.


LaTeX Warning: Label `fig:gallery' multiply defined.


LaTeX Warning: Label `fig:gallery' multiply defined.


LaTeX Warning: Label `fig:gallery' multiply defined.


LaTeX Warning: Label `fig:gallery' multiply defined.


LaTeX Warning: Label `fig:gallery' multiply defined.


LaTeX Warning: Label `fig:gallery' multiply defined.


LaTeX Warning: Label `fig:gallery' multiply defined.


LaTeX Warning: Label `fig:gallery' multiply defined.


LaTeX Warning: Label `fig:gallery' multiply defined.


LaTeX Warning: Label `fig:gallery' multiply defined.


LaTeX Warning: Label `fig:gallery' multiply defined.


LaTeX Warning: Label `fig:gallery' multiply defined.


LaTeX Warning: Label `IEEEhowto:kopka' multiply defined.


LaTeX Warning: Label `IEEEhowto:kopka' multiply defined.


LaTeX Warning: Label `IEEEhowto:kopka' multiply defined.


LaTeX Warning: Label `IEEEhowto:kopka' multiply defined.


LaTeX Warning: Label `IEEEhowto:kopka' multiply defined.


LaTeX Warning: Label `IEEEhowto:kopka' multiply defined.


LaTeX Warning: Label `IEEEhowto:kopka' multiply defined.


LaTeX Warning: Label `IEEEhowto:kopka' multiply defined.


LaTeX Warning: Label `fig:gallery' multiply defined.


LaTeX Warning: Label `fig:gallery' multiply defined.


LaTeX Warning: Label `fig:gallery' multiply defined.


LaTeX Warning: Label `fig:gallery' multiply defined.


LaTeX Warning: Label `fig:gallery' multiply defined.


LaTeX Warning: Label `fig:gallery' multiply defined.


LaTeX Warning: Label `fig:gallery' multiply defined.


LaTeX Warning: Label `fig:gallery' multiply defined.


LaTeX Warning: Label `fig:gallery' multiply defined.


LaTeX Warning: Label `fig:gallery' multiply defined.


LaTeX Warning: Label `fig:gallery' multiply defined.


LaTeX Warning: Label `fig:gallery' multiply defined.


LaTeX Warning: Label `fig:gallery' multiply defined.


LaTeX Warning: Label `fig:gallery' multiply defined.


LaTeX Warning: Label `fig:gallery' multiply defined.


LaTeX Warning: Label `fig:gallery' multiply defined.


LaTeX Warning: Label `fig:gallery' multiply defined.


LaTeX Warning: Label `fig:gallery' multiply defined.


LaTeX Warning: Label `fig:gallery' multiply defined.

)
\openout1 = `templateIEEE_PIDR.aux'.

LaTeX Font Info:    Checking defaults for OML/cmm/m/it on input line 321.
LaTeX Font Info:    ... okay on input line 321.
LaTeX Font Info:    Checking defaults for T1/cmr/m/n on input line 321.
LaTeX Font Info:    ... okay on input line 321.
LaTeX Font Info:    Checking defaults for OT1/cmr/m/n on input line 321.
LaTeX Font Info:    ... okay on input line 321.
LaTeX Font Info:    Checking defaults for OMS/cmsy/m/n on input line 321.
LaTeX Font Info:    ... okay on input line 321.
LaTeX Font Info:    Checking defaults for OMX/cmex/m/n on input line 321.
LaTeX Font Info:    ... okay on input line 321.
LaTeX Font Info:    Checking defaults for U/cmr/m/n on input line 321.
LaTeX Font Info:    ... okay on input line 321.

-- Lines per column: 56 (exact).
LaTeX Info: Redefining \degres on input line 321.

Package frenchb.ldf Warning: Figures' and tables' captions might look like
(frenchb.ldf)                `Figure 1:' which is wrong in French.
(frenchb.ldf)                Check your class or packages to change this;
(frenchb.ldf)                reported on input line 321.

LaTeX Info: Redefining \dots on input line 321.
LaTeX Info: Redefining \up on input line 321.

Package frenchb.ldf Warning: OT1 encoding should not be used for French.
(frenchb.ldf)                Add \usepackage[T1]{fontenc} to the preamble
(frenchb.ldf)                of your document, on input line 321.

("C:\Program Files (x86)\MiKTeX 2.9\tex\context\base\supp-pdf.mkii"
[Loading MPS to PDF converter (version 2006.09.02).]
\scratchcounter=\count105
\scratchdimen=\dimen135
\scratchbox=\box32
\nofMPsegments=\count106
\nofMParguments=\count107
\everyMPshowfont=\toks23
\MPscratchCnt=\count108
\MPscratchDim=\dimen136
\MPnumerator=\count109
\makeMPintoPDFobject=\count110
\everyMPtoPDFconversion=\toks24
)
\AtBeginShipoutBox=\box33
 ("C:\Program Files (x86)\MiKTeX 2.9\tex\latex\oberdiek\pdflscape.sty"
Package: pdflscape 2008/08/11 v0.10 Display of landscape pages in PDF (HO)

("C:\Program Files (x86)\MiKTeX 2.9\tex\latex\graphics\lscape.sty"
Package: lscape 2000/10/22 v3.01 Landscape Pages (DPC)
)
Package pdflscape Info: Auto-detected driver: pdftex on input line 80.

("C:\Program Files (x86)\MiKTeX 2.9\tex\generic\ifxetex\ifxetex.sty"
Package: ifxetex 2010/09/12 v0.6 Provides ifxetex conditional
))
LaTeX Font Info:    External font `cmex10' loaded for size
(Font)              <9> on input line 382.
LaTeX Font Info:    External font `cmex10' loaded for size
(Font)              <6> on input line 382.
LaTeX Font Info:    External font `cmex10' loaded for size
(Font)              <5> on input line 382.

Underfull \hbox (badness 10000) in paragraph at lines 387--388
[]\OT1/ptm/b/n/10 Mots-cl[]es : \OT1/ptm/m/n/10 tomographie, trans-form[]ee de 
Ra-don,
 []

LaTeX Font Info:    External font `cmex10' loaded for size
(Font)              <7> on input line 421.

Underfull \hbox (badness 3128) in paragraph at lines 408--422
[]\OT1/ptm/b/n/10 Contexte g[]en[]eral : \OT1/ptm/m/n/10 La tomographie, qui ve
ut dire
 []


Underfull \hbox (badness 1881) in paragraph at lines 408--422
\OT1/ptm/m/n/10 et les m[]ethodes de re-cons-truc-tions math[]ematiques exis-
 []

[1{C:/Users/Pierre-Arnaud/AppData/Local/MiKTeX/2.9/pdftex/config/pdftex.map}


]
<Balayage.png, id=11, 496.10344pt x 403.5075pt>
File: Balayage.png Graphic file (type png)
 <use Balayage.png>
Package pdftex.def Info: Balayage.png used on input line 447.
(pdftex.def)             Requested size: 198.43785pt x 161.40013pt.

Underfull \vbox (badness 1540) has occurred while \output is active []


<sinogrammeExemple.png, id=13, 410.53375pt x 464.73625pt>
File: sinogrammeExemple.png Graphic file (type png)

<use sinogrammeExemple.png>
Package pdftex.def Info: sinogrammeExemple.png used on input line 458.
(pdftex.def)             Requested size: 164.21059pt x 185.8912pt.
 <L.jpg, id=14, 478.78876pt x 334.24875pt>
File: L.jpg Graphic file (type jpg)

<use L.jpg>
Package pdftex.def Info: L.jpg used on input line 472.
(pdftex.def)             Requested size: 239.39378pt x 167.12396pt.

Underfull \vbox (badness 2573) has occurred while \output is active []

 [2 <./Balayage.png> <./sinogrammeExemple.png (PNG copy)>]
<transformeRadon.png, id=24, 440.39531pt x 489.32813pt>
File: transformeRadon.png Graphic file (type png)

<use transformeRadon.png>
Package pdftex.def Info: transformeRadon.png used on input line 512.
(pdftex.def)             Requested size: 176.155pt x 195.72777pt.
 <Shepp-logan.jpg, id=25, 332.74312pt x 277.78781pt>
File: Shepp-logan.jpg Graphic file (type jpg)

<use Shepp-logan.jpg>
Package pdftex.def Info: Shepp-logan.jpg used on input line 540.
(pdftex.def)             Requested size: 232.91858pt x 194.45012pt.

Underfull \vbox (badness 6927) has occurred while \output is active []

 [3 <./L.jpg> <./transformeRadon.png>] <sinogramme.jpg, id=31, 526.96875pt x 39
5.22656pt>
File: sinogramme.jpg Graphic file (type jpg)

<use sinogramme.jpg>
Package pdftex.def Info: sinogramme.jpg used on input line 550.
(pdftex.def)             Requested size: 263.48372pt x 197.6128pt.

Overfull \hbox (11.48372pt too wide) in paragraph at lines 550--551
 [][] 
 []


Underfull \hbox (badness 1430) in paragraph at lines 559--560
 \OT1/ptm/m/it/10 2) r[]etroprojection discr[]ete : [][] \OT1/ptm/b/n/10 Filtre
 de l'image : \OT1/ptm/m/n/10 La
 []

<filtre-de-Ram-Lak.jpg, id=32, 526.96875pt x 395.22656pt>
File: filtre-de-Ram-Lak.jpg Graphic file (type jpg)

<use filtre-de-Ram-Lak.jpg>
Package pdftex.def Info: filtre-de-Ram-Lak.jpg used on input line 563.
(pdftex.def)             Requested size: 210.78375pt x 158.08781pt.

<rsultat-de-la-rtroprojetion-filtre.jpg, id=33, 526.96875pt x 395.22656pt>
File: rsultat-de-la-rtroprojetion-filtre.jpg Graphic file (type jpg)

<use rsultat-de-la-rtroprojetion-filtre.jpg>
Package pdftex.def Info: rsultat-de-la-rtroprojetion-filtre.jpg used on input l
ine 581.
(pdftex.def)             Requested size: 263.48372pt x 197.6128pt.

Overfull \hbox (11.48372pt too wide) in paragraph at lines 581--582
 [][] 
 []


Underfull \vbox (badness 10000) has occurred while \output is active []

 [4 <./Shepp-logan.jpg> <./sinogramme.jpg> <./filtre-de-Ram-Lak.jpg>]
<taille=256-pas=0,5.jpg, id=37, 702.625pt x 526.96875pt>
File: taille=256-pas=0,5.jpg Graphic file (type jpg)

<use taille=256-pas=0,5.jpg>
Package pdftex.def Info: taille=256-pas=0,5.jpg used on input line 599.
(pdftex.def)             Requested size: 267.00027pt x 200.2502pt.

Overfull \hbox (15.00027pt too wide) in paragraph at lines 599--600
 [][] 
 []

<taille=256-pas=4.jpg, id=38, 702.625pt x 526.96875pt>
File: taille=256-pas=4.jpg Graphic file (type jpg)

<use taille=256-pas=4.jpg>
Package pdftex.def Info: taille=256-pas=4.jpg used on input line 611.
(pdftex.def)             Requested size: 267.00027pt x 200.2502pt.

Overfull \hbox (15.00027pt too wide) in paragraph at lines 611--612
 [][] 
 []

<taille=256-pas=16.jpg, id=39, 702.625pt x 526.96875pt>
File: taille=256-pas=16.jpg Graphic file (type jpg)

<use taille=256-pas=16.jpg>
Package pdftex.def Info: taille=256-pas=16.jpg used on input line 620.
(pdftex.def)             Requested size: 267.00027pt x 200.2502pt.

Overfull \hbox (15.00027pt too wide) in paragraph at lines 620--621
 [][] 
 []


Underfull \hbox (badness 10000) in paragraph at lines 627--632

 []

[5 <./rsultat-de-la-rtroprojetion-filtre.jpg> <./taille=256-pas=0,5.jpg> <./tai
lle=256-pas=4.jpg> <./taille=256-pas=16.jpg>]
<taille=256-pas=1.jpg, id=43, 702.625pt x 526.96875pt>
File: taille=256-pas=1.jpg Graphic file (type jpg)

<use taille=256-pas=1.jpg>
Package pdftex.def Info: taille=256-pas=1.jpg used on input line 636.
(pdftex.def)             Requested size: 267.00027pt x 200.2502pt.

Overfull \hbox (15.00027pt too wide) in paragraph at lines 636--637
 [][] 
 []

<t2048-p1.jpg, id=44, 526.96875pt x 395.22656pt>
File: t2048-p1.jpg Graphic file (type jpg)
 <use t2048-p1.jpg>
Package pdftex.def Info: t2048-p1.jpg used on input line 645.
(pdftex.def)             Requested size: 263.48372pt x 197.6128pt.

Overfull \hbox (11.48372pt too wide) in paragraph at lines 645--646
 [][] 
 []


Underfull \hbox (badness 10000) in paragraph at lines 650--655

 []

<PSNR_en_fonction_du_pas_angulaire.jpg, id=45, 702.625pt x 526.96875pt>
File: PSNR_en_fonction_du_pas_angulaire.jpg Graphic file (type jpg)

<use PSNR_en_fonction_du_pas_angulaire.jpg>
Package pdftex.def Info: PSNR_en_fonction_du_pas_angulaire.jpg used on input li
ne 658.
(pdftex.def)             Requested size: 210.78912pt x 158.09184pt.

<PSNR3.jpg, id=46, 1909.1325pt x 971.63pt>
File: PSNR3.jpg Graphic file (type jpg)
 <use PSNR3.jpg>
Package pdftex.def Info: PSNR3.jpg used on input line 667.
(pdftex.def)             Requested size: 248.19594pt x 126.31633pt.

Underfull \hbox (badness 2635) in paragraph at lines 672--673
[]\OT1/ptm/m/n/10 La Fig.15 per-met d'ob-ser-ver que le PSNR di-mi-nue
 []

<fig2.jpg, id=47, 702.625pt x 526.96875pt>
File: fig2.jpg Graphic file (type jpg)
 <use fig2.jpg>
Package pdftex.def Info: fig2.jpg used on input line 676.
(pdftex.def)             Requested size: 267.00027pt x 200.2502pt.

Overfull \hbox (15.00027pt too wide) in paragraph at lines 676--677
 [][] 
 []


Underfull \vbox (badness 10000) has occurred while \output is active []

 [6 <./taille=256-pas=1.jpg> <./t2048-p1.jpg> <./PSNR_en_fonction_du_pas_angula
ire.jpg> <./PSNR3.jpg>] <fig4.jpg, id=51, 702.625pt x 461.725pt>
File: fig4.jpg Graphic file (type jpg)
 <use fig4.jpg>
Package pdftex.def Info: fig4.jpg used on input line 683.
(pdftex.def)             Requested size: 267.00027pt x 175.45732pt.

Overfull \hbox (15.00027pt too wide) in paragraph at lines 683--684
 [][] 
 []

[7 <./fig2.jpg> <./fig4.jpg>]
Underfull \hbox (badness 10000) in paragraph at lines 844--848

 []


Underfull \hbox (badness 7944) in paragraph at lines 844--848
\OT1/ptm/m/n/10 Nous te-nons []a re-mer-cier []egalement M. Bom-bar-dier,
 []

[8]
LaTeX Font Info:    External font `cmex10' loaded for size
(Font)              <8> on input line 879.
 [9]
File: fig2.jpg Graphic file (type jpg)
 <use fig2.jpg>
Package pdftex.def Info: fig2.jpg used on input line 917.
(pdftex.def)             Requested size: 702.62328pt x 526.96745pt.

Overfull \hbox (274.96745pt too wide) in paragraph at lines 917--919
 [][] 
 []


Overfull \vbox (73.93828pt too high) has occurred while \output is active []


[10]
File: PSNR_en_fonction_du_pas_angulaire.jpg Graphic file (type jpg)
 <use PSNR_en_fonction_du_pas_angulaire.jpg>
Package pdftex.def Info: PSNR_en_fonction_du_pas_angulaire.jpg used on input li
ne 926.
(pdftex.def)             Requested size: 702.62328pt x 526.96745pt.

Overfull \hbox (274.96745pt too wide) in paragraph at lines 926--928
 [][] 
 []


Overfull \vbox (34.22331pt too high) has occurred while \output is active []

File: PSNR3.jpg Graphic file (type jpg)

<use PSNR3.jpg>
Package pdftex.def Info: PSNR3.jpg used on input line 933.
(pdftex.def)             Requested size: 801.8302pt x 408.08182pt.

Overfull \hbox (156.08182pt too wide) in paragraph at lines 933--935
 [][] 
 []


Underfull \vbox (badness 10000) has occurred while \output is active []

 [11]
Overfull \vbox (133.43024pt too high) has occurred while \output is active []


[12]

pdfTeX warning: pdflatex (file ./launcher.pdf): PDF inclusion: found PDF versio
n <1.7>, but at most version <1.5> allowed
<launcher.pdf, id=71, 597.55246pt x 845.07724pt>
File: launcher.pdf Graphic file (type pdf)
 <use launcher.pdf>
Package pdftex.def Info: launcher.pdf used on input line 946.
(pdftex.def)             Requested size: 597.551pt x 845.07518pt.


pdfTeX warning: pdflatex (file ./launcher.pdf): PDF inclusion: found PDF versio
n <1.7>, but at most version <1.5> allowed
File: launcher.pdf Graphic file (type pdf)
<use launcher.pdf>
Package pdftex.def Info: launcher.pdf used on input line 946.
(pdftex.def)             Requested size: 597.551pt x 845.07518pt.


pdfTeX warning: pdflatex (file ./launcher.pdf): PDF inclusion: found PDF versio
n <1.7>, but at most version <1.5> allowed


pdfTeX warning: pdflatex (file ./launcher.pdf): PDF inclusion: found PDF versio
n <1.7>, but at most version <1.5> allowed
<launcher.pdf, id=74, page=1, 597.55246pt x 845.07724pt>
File: launcher.pdf Graphic file (type pdf)

<use launcher.pdf, page 1>
Package pdftex.def Info: launcher.pdf, page1 used on input line 946.
(pdftex.def)             Requested size: 597.551pt x 845.07518pt.
File: launcher.pdf Graphic file (type pdf)
 <use launcher.pdf, page 1>
Package pdftex.def Info: launcher.pdf, page1 used on input line 946.
(pdftex.def)             Requested size: 478.04262pt x 676.06271pt.
File: launcher.pdf Graphic file (type pdf)

<use launcher.pdf, page 1>
Package pdftex.def Info: launcher.pdf, page1 used on input line 946.
(pdftex.def)             Requested size: 478.04262pt x 676.06271pt.
File: launcher.pdf Graphic file (type pdf)
 <use launcher.pdf, page 1>
Package pdftex.def Info: launcher.pdf, page1 used on input line 946.
(pdftex.def)             Requested size: 478.04262pt x 676.06271pt.
File: launcher.pdf Graphic file (type pdf)

<use launcher.pdf, page 1>
Package pdftex.def Info: launcher.pdf, page1 used on input line 950.
(pdftex.def)             Requested size: 478.04262pt x 676.06271pt.
 [13 <./launcher.pdf>]
File: launcher.pdf Graphic file (type pdf)
 <use launcher.pdf>
Package pdftex.def Info: launcher.pdf used on input line 954.
(pdftex.def)             Requested size: 597.551pt x 845.07518pt.


pdfTeX warning: pdflatex (file ./launcher.pdf): PDF inclusion: found PDF versio
n <1.7>, but at most version <1.5> allowed
File: launcher.pdf Graphic file (type pdf)
<use launcher.pdf>
Package pdftex.def Info: launcher.pdf used on input line 954.
(pdftex.def)             Requested size: 597.551pt x 845.07518pt.


pdfTeX warning: pdflatex (file ./launcher.pdf): PDF inclusion: found PDF versio
n <1.7>, but at most version <1.5> allowed


pdfTeX warning: pdflatex (file ./launcher.pdf): PDF inclusion: found PDF versio
n <1.7>, but at most version <1.5> allowed
<launcher.pdf, id=90, page=2, 597.55246pt x 845.07724pt>
File: launcher.pdf Graphic file (type pdf)

<use launcher.pdf, page 2>
Package pdftex.def Info: launcher.pdf, page2 used on input line 954.
(pdftex.def)             Requested size: 597.551pt x 845.07518pt.
File: launcher.pdf Graphic file (type pdf)
 <use launcher.pdf, page 2>
Package pdftex.def Info: launcher.pdf, page2 used on input line 954.
(pdftex.def)             Requested size: 478.04262pt x 676.06271pt.
File: launcher.pdf Graphic file (type pdf)

<use launcher.pdf, page 2>
Package pdftex.def Info: launcher.pdf, page2 used on input line 954.
(pdftex.def)             Requested size: 478.04262pt x 676.06271pt.
File: launcher.pdf Graphic file (type pdf)
 <use launcher.pdf, page 2>
Package pdftex.def Info: launcher.pdf, page2 used on input line 954.
(pdftex.def)             Requested size: 478.04262pt x 676.06271pt.
File: launcher.pdf Graphic file (type pdf)

<use launcher.pdf, page 2>
Package pdftex.def Info: launcher.pdf, page2 used on input line 958.
(pdftex.def)             Requested size: 478.04262pt x 676.06271pt.
 [14 <./launcher.pdf>]
File: launcher.pdf Graphic file (type pdf)
 <use launcher.pdf>
Package pdftex.def Info: launcher.pdf used on input line 962.
(pdftex.def)             Requested size: 597.551pt x 845.07518pt.


pdfTeX warning: pdflatex (file ./launcher.pdf): PDF inclusion: found PDF versio
n <1.7>, but at most version <1.5> allowed
File: launcher.pdf Graphic file (type pdf)
<use launcher.pdf>
Package pdftex.def Info: launcher.pdf used on input line 962.
(pdftex.def)             Requested size: 597.551pt x 845.07518pt.


pdfTeX warning: pdflatex (file ./launcher.pdf): PDF inclusion: found PDF versio
n <1.7>, but at most version <1.5> allowed


pdfTeX warning: pdflatex (file ./launcher.pdf): PDF inclusion: found PDF versio
n <1.7>, but at most version <1.5> allowed
<launcher.pdf, id=96, page=3, 597.55246pt x 845.07724pt>
File: launcher.pdf Graphic file (type pdf)

<use launcher.pdf, page 3>
Package pdftex.def Info: launcher.pdf, page3 used on input line 962.
(pdftex.def)             Requested size: 597.551pt x 845.07518pt.
File: launcher.pdf Graphic file (type pdf)
 <use launcher.pdf, page 3>
Package pdftex.def Info: launcher.pdf, page3 used on input line 962.
(pdftex.def)             Requested size: 478.04262pt x 676.06271pt.
File: launcher.pdf Graphic file (type pdf)

<use launcher.pdf, page 3>
Package pdftex.def Info: launcher.pdf, page3 used on input line 962.
(pdftex.def)             Requested size: 478.04262pt x 676.06271pt.
File: launcher.pdf Graphic file (type pdf)
 <use launcher.pdf, page 3>
Package pdftex.def Info: launcher.pdf, page3 used on input line 962.
(pdftex.def)             Requested size: 478.04262pt x 676.06271pt.
File: launcher.pdf Graphic file (type pdf)

<use launcher.pdf, page 3>
Package pdftex.def Info: launcher.pdf, page3 used on input line 966.
(pdftex.def)             Requested size: 478.04262pt x 676.06271pt.
 [15 <./launcher.pdf>]

pdfTeX warning: pdflatex (file ./PSNR.pdf): PDF inclusion: found PDF version <1
.7>, but at most version <1.5> allowed
<PSNR.pdf, id=100, 597.55246pt x 845.07724pt>
File: PSNR.pdf Graphic file (type pdf)
 <use PSNR.pdf>
Package pdftex.def Info: PSNR.pdf used on input line 971.
(pdftex.def)             Requested size: 597.551pt x 845.07518pt.


pdfTeX warning: pdflatex (file ./PSNR.pdf): PDF inclusion: found PDF version <1
.7>, but at most version <1.5> allowed
File: PSNR.pdf Graphic file (type pdf)
<use PSNR.pdf>
Package pdftex.def Info: PSNR.pdf used on input line 971.
(pdftex.def)             Requested size: 597.551pt x 845.07518pt.


pdfTeX warning: pdflatex (file ./PSNR.pdf): PDF inclusion: found PDF version <1
.7>, but at most version <1.5> allowed


pdfTeX warning: pdflatex (file ./PSNR.pdf): PDF inclusion: found PDF version <1
.7>, but at most version <1.5> allowed
<PSNR.pdf, id=103, page=1, 597.55246pt x 845.07724pt>
File: PSNR.pdf Graphic file (type pdf)
 <use PSNR.pdf, page 1>
Package pdftex.def Info: PSNR.pdf, page1 used on input line 971.
(pdftex.def)             Requested size: 597.551pt x 845.07518pt.
File: PSNR.pdf Graphic file (type pdf)

<use PSNR.pdf, page 1>
Package pdftex.def Info: PSNR.pdf, page1 used on input line 971.
(pdftex.def)             Requested size: 478.04262pt x 676.06271pt.
File: PSNR.pdf Graphic file (type pdf)
 <use PSNR.pdf, page 1>
Package pdftex.def Info: PSNR.pdf, page1 used on input line 971.
(pdftex.def)             Requested size: 478.04262pt x 676.06271pt.
File: PSNR.pdf Graphic file (type pdf)
 <use PSNR.pdf, page 1>
Package pdftex.def Info: PSNR.pdf, page1 used on input line 971.
(pdftex.def)             Requested size: 478.04262pt x 676.06271pt.
File: PSNR.pdf Graphic file (type pdf)

<use PSNR.pdf, page 1>
Package pdftex.def Info: PSNR.pdf, page1 used on input line 975.
(pdftex.def)             Requested size: 478.04262pt x 676.06271pt.
 [16 <./PSNR.pdf>]

pdfTeX warning: pdflatex (file ./radon_gen.pdf): PDF inclusion: found PDF versi
on <1.7>, but at most version <1.5> allowed
<radon_gen.pdf, id=116, 597.55246pt x 845.07724pt>
File: radon_gen.pdf Graphic file (type pdf)
 <use radon_gen.pdf>
Package pdftex.def Info: radon_gen.pdf used on input line 980.
(pdftex.def)             Requested size: 597.551pt x 845.07518pt.


pdfTeX warning: pdflatex (file ./radon_gen.pdf): PDF inclusion: found PDF versi
on <1.7>, but at most version <1.5> allowed
File: radon_gen.pdf Graphic file (type pdf)
<use radon_gen.pdf>
Package pdftex.def Info: radon_gen.pdf used on input line 980.
(pdftex.def)             Requested size: 597.551pt x 845.07518pt.


pdfTeX warning: pdflatex (file ./radon_gen.pdf): PDF inclusion: found PDF versi
on <1.7>, but at most version <1.5> allowed


pdfTeX warning: pdflatex (file ./radon_gen.pdf): PDF inclusion: found PDF versi
on <1.7>, but at most version <1.5> allowed
<radon_gen.pdf, id=119, page=1, 597.55246pt x 845.07724pt>
File: radon_gen.pdf Graphic file (type pdf)

<use radon_gen.pdf, page 1>
Package pdftex.def Info: radon_gen.pdf, page1 used on input line 980.
(pdftex.def)             Requested size: 597.551pt x 845.07518pt.
File: radon_gen.pdf Graphic file (type pdf)
 <use radon_gen.pdf, page 1>
Package pdftex.def Info: radon_gen.pdf, page1 used on input line 980.
(pdftex.def)             Requested size: 478.04262pt x 676.06271pt.
File: radon_gen.pdf Graphic file (type pdf)

<use radon_gen.pdf, page 1>
Package pdftex.def Info: radon_gen.pdf, page1 used on input line 980.
(pdftex.def)             Requested size: 478.04262pt x 676.06271pt.
File: radon_gen.pdf Graphic file (type pdf)
 <use radon_gen.pdf, page 1>
Package pdftex.def Info: radon_gen.pdf, page1 used on input line 980.
(pdftex.def)             Requested size: 478.04262pt x 676.06271pt.
File: radon_gen.pdf Graphic file (type pdf)

<use radon_gen.pdf, page 1>
Package pdftex.def Info: radon_gen.pdf, page1 used on input line 984.
(pdftex.def)             Requested size: 478.04262pt x 676.06271pt.
 [17 <./radon_gen.pdf>]

pdfTeX warning: pdflatex (file ./retroprojection_discrete.pdf): PDF inclusion: 
found PDF version <1.7>, but at most version <1.5> allowed
<retroprojection_discrete.pdf, id=132, 597.55246pt x 845.07724pt>
File: retroprojection_discrete.pdf Graphic file (type pdf)

<use retroprojection_discrete.pdf>
Package pdftex.def Info: retroprojection_discrete.pdf used on input line 989.
(pdftex.def)             Requested size: 597.551pt x 845.07518pt.


pdfTeX warning: pdflatex (file ./retroprojection_discrete.pdf): PDF inclusion: 
found PDF version <1.7>, but at most version <1.5> allowed
File: retroprojection_discrete.pdf Graphic file (type pdf)
<use retroprojection_discrete.pdf>
Package pdftex.def Info: retroprojection_discrete.pdf used on input line 989.
(pdftex.def)             Requested size: 597.551pt x 845.07518pt.


pdfTeX warning: pdflatex (file ./retroprojection_discrete.pdf): PDF inclusion: 
found PDF version <1.7>, but at most version <1.5> allowed


pdfTeX warning: pdflatex (file ./retroprojection_discrete.pdf): PDF inclusion: 
found PDF version <1.7>, but at most version <1.5> allowed
<retroprojection_discrete.pdf, id=135, page=1, 597.55246pt x 845.07724pt>
File: retroprojection_discrete.pdf Graphic file (type pdf)

<use retroprojection_discrete.pdf, page 1>
Package pdftex.def Info: retroprojection_discrete.pdf, page1 used on input line
 989.
(pdftex.def)             Requested size: 597.551pt x 845.07518pt.
File: retroprojection_discrete.pdf Graphic file (type pdf)

<use retroprojection_discrete.pdf, page 1>
Package pdftex.def Info: retroprojection_discrete.pdf, page1 used on input line
 989.
(pdftex.def)             Requested size: 478.04262pt x 676.06271pt.
File: retroprojection_discrete.pdf Graphic file (type pdf)

<use retroprojection_discrete.pdf, page 1>
Package pdftex.def Info: retroprojection_discrete.pdf, page1 used on input line
 989.
(pdftex.def)             Requested size: 478.04262pt x 676.06271pt.
File: retroprojection_discrete.pdf Graphic file (type pdf)

<use retroprojection_discrete.pdf, page 1>
Package pdftex.def Info: retroprojection_discrete.pdf, page1 used on input line
 989.
(pdftex.def)             Requested size: 478.04262pt x 676.06271pt.
File: retroprojection_discrete.pdf Graphic file (type pdf)

<use retroprojection_discrete.pdf, page 1>
Package pdftex.def Info: retroprojection_discrete.pdf, page1 used on input line
 993.
(pdftex.def)             Requested size: 478.04262pt x 676.06271pt.
 [18 <./retroprojection_discrete.pdf>]
File: retroprojection_discrete.pdf Graphic file (type pdf)
 <use retroprojection_discrete.pdf>
Package pdftex.def Info: retroprojection_discrete.pdf used on input line 997.
(pdftex.def)             Requested size: 597.551pt x 845.07518pt.


pdfTeX warning: pdflatex (file ./retroprojection_discrete.pdf): PDF inclusion: 
found PDF version <1.7>, but at most version <1.5> allowed
File: retroprojection_discrete.pdf Graphic file (type pdf)
<use retroprojection_discrete.pdf>
Package pdftex.def Info: retroprojection_discrete.pdf used on input line 997.
(pdftex.def)             Requested size: 597.551pt x 845.07518pt.


pdfTeX warning: pdflatex (file ./retroprojection_discrete.pdf): PDF inclusion: 
found PDF version <1.7>, but at most version <1.5> allowed


pdfTeX warning: pdflatex (file ./retroprojection_discrete.pdf): PDF inclusion: 
found PDF version <1.7>, but at most version <1.5> allowed
<retroprojection_discrete.pdf, id=150, page=2, 597.55246pt x 845.07724pt>
File: retroprojection_discrete.pdf Graphic file (type pdf)

<use retroprojection_discrete.pdf, page 2>
Package pdftex.def Info: retroprojection_discrete.pdf, page2 used on input line
 997.
(pdftex.def)             Requested size: 597.551pt x 845.07518pt.
File: retroprojection_discrete.pdf Graphic file (type pdf)

<use retroprojection_discrete.pdf, page 2>
Package pdftex.def Info: retroprojection_discrete.pdf, page2 used on input line
 997.
(pdftex.def)             Requested size: 478.04262pt x 676.06271pt.
File: retroprojection_discrete.pdf Graphic file (type pdf)

<use retroprojection_discrete.pdf, page 2>
Package pdftex.def Info: retroprojection_discrete.pdf, page2 used on input line
 997.
(pdftex.def)             Requested size: 478.04262pt x 676.06271pt.
File: retroprojection_discrete.pdf Graphic file (type pdf)

<use retroprojection_discrete.pdf, page 2>
Package pdftex.def Info: retroprojection_discrete.pdf, page2 used on input line
 997.
(pdftex.def)             Requested size: 478.04262pt x 676.06271pt.
File: retroprojection_discrete.pdf Graphic file (type pdf)

<use retroprojection_discrete.pdf, page 2>
Package pdftex.def Info: retroprojection_discrete.pdf, page2 used on input line
 1001.
(pdftex.def)             Requested size: 478.04262pt x 676.06271pt.
 [19 <./retroprojection_discrete.pdf>]

pdfTeX warning: pdflatex (file ./main.pdf): PDF inclusion: found PDF version <1
.7>, but at most version <1.5> allowed
<main.pdf, id=155, 597.55246pt x 845.07724pt>
File: main.pdf Graphic file (type pdf)
 <use main.pdf>
Package pdftex.def Info: main.pdf used on input line 1007.
(pdftex.def)             Requested size: 597.551pt x 845.07518pt.


pdfTeX warning: pdflatex (file ./main.pdf): PDF inclusion: found PDF version <1
.7>, but at most version <1.5> allowed
File: main.pdf Graphic file (type pdf)
<use main.pdf>
Package pdftex.def Info: main.pdf used on input line 1007.
(pdftex.def)             Requested size: 597.551pt x 845.07518pt.


pdfTeX warning: pdflatex (file ./main.pdf): PDF inclusion: found PDF version <1
.7>, but at most version <1.5> allowed


pdfTeX warning: pdflatex (file ./main.pdf): PDF inclusion: found PDF version <1
.7>, but at most version <1.5> allowed
<main.pdf, id=158, page=1, 597.55246pt x 845.07724pt>
File: main.pdf Graphic file (type pdf)
 <use main.pdf, page 1>
Package pdftex.def Info: main.pdf, page1 used on input line 1007.
(pdftex.def)             Requested size: 597.551pt x 845.07518pt.
File: main.pdf Graphic file (type pdf)

<use main.pdf, page 1>
Package pdftex.def Info: main.pdf, page1 used on input line 1007.
(pdftex.def)             Requested size: 478.04262pt x 676.06271pt.
File: main.pdf Graphic file (type pdf)
 <use main.pdf, page 1>
Package pdftex.def Info: main.pdf, page1 used on input line 1007.
(pdftex.def)             Requested size: 478.04262pt x 676.06271pt.
File: main.pdf Graphic file (type pdf)
 <use main.pdf, page 1>
Package pdftex.def Info: main.pdf, page1 used on input line 1007.
(pdftex.def)             Requested size: 478.04262pt x 676.06271pt.
File: main.pdf Graphic file (type pdf)

<use main.pdf, page 1>
Package pdftex.def Info: main.pdf, page1 used on input line 1011.
(pdftex.def)             Requested size: 478.04262pt x 676.06271pt.
 [20 <./main.pdf>]

pdfTeX warning: pdflatex (file ./retroproj-h.pdf): PDF inclusion: found PDF ver
sion <1.7>, but at most version <1.5> allowed
<retroproj-h.pdf, id=195, 597.55246pt x 845.07724pt>
File: retroproj-h.pdf Graphic file (type pdf)
 <use retroproj-h.pdf>
Package pdftex.def Info: retroproj-h.pdf used on input line 1016.
(pdftex.def)             Requested size: 597.551pt x 845.07518pt.


pdfTeX warning: pdflatex (file ./retroproj-h.pdf): PDF inclusion: found PDF ver
sion <1.7>, but at most version <1.5> allowed
File: retroproj-h.pdf Graphic file (type pdf)
<use retroproj-h.pdf>
Package pdftex.def Info: retroproj-h.pdf used on input line 1016.
(pdftex.def)             Requested size: 597.551pt x 845.07518pt.


pdfTeX warning: pdflatex (file ./retroproj-h.pdf): PDF inclusion: found PDF ver
sion <1.7>, but at most version <1.5> allowed


pdfTeX warning: pdflatex (file ./retroproj-h.pdf): PDF inclusion: found PDF ver
sion <1.7>, but at most version <1.5> allowed
<retroproj-h.pdf, id=198, page=1, 597.55246pt x 845.07724pt>
File: retroproj-h.pdf Graphic file (type pdf)

<use retroproj-h.pdf, page 1>
Package pdftex.def Info: retroproj-h.pdf, page1 used on input line 1016.
(pdftex.def)             Requested size: 597.551pt x 845.07518pt.
File: retroproj-h.pdf Graphic file (type pdf)
 <use retroproj-h.pdf, page 1>
Package pdftex.def Info: retroproj-h.pdf, page1 used on input line 1016.
(pdftex.def)             Requested size: 478.04262pt x 676.06271pt.
File: retroproj-h.pdf Graphic file (type pdf)

<use retroproj-h.pdf, page 1>
Package pdftex.def Info: retroproj-h.pdf, page1 used on input line 1016.
(pdftex.def)             Requested size: 478.04262pt x 676.06271pt.
File: retroproj-h.pdf Graphic file (type pdf)
 <use retroproj-h.pdf, page 1>
Package pdftex.def Info: retroproj-h.pdf, page1 used on input line 1016.
(pdftex.def)             Requested size: 478.04262pt x 676.06271pt.
File: retroproj-h.pdf Graphic file (type pdf)

<use retroproj-h.pdf, page 1>
Package pdftex.def Info: retroproj-h.pdf, page1 used on input line 1020.
(pdftex.def)             Requested size: 478.04262pt x 676.06271pt.
 [21 <./retroproj-h.pdf>]

pdfTeX warning: pdflatex (file ./retroproj-c.pdf): PDF inclusion: found PDF ver
sion <1.7>, but at most version <1.5> allowed
<retroproj-c.pdf, id=235, 597.55246pt x 845.07724pt>
File: retroproj-c.pdf Graphic file (type pdf)
 <use retroproj-c.pdf>
Package pdftex.def Info: retroproj-c.pdf used on input line 1024.
(pdftex.def)             Requested size: 597.551pt x 845.07518pt.


pdfTeX warning: pdflatex (file ./retroproj-c.pdf): PDF inclusion: found PDF ver
sion <1.7>, but at most version <1.5> allowed
File: retroproj-c.pdf Graphic file (type pdf)
<use retroproj-c.pdf>
Package pdftex.def Info: retroproj-c.pdf used on input line 1024.
(pdftex.def)             Requested size: 597.551pt x 845.07518pt.


pdfTeX warning: pdflatex (file ./retroproj-c.pdf): PDF inclusion: found PDF ver
sion <1.7>, but at most version <1.5> allowed


pdfTeX warning: pdflatex (file ./retroproj-c.pdf): PDF inclusion: found PDF ver
sion <1.7>, but at most version <1.5> allowed
<retroproj-c.pdf, id=238, page=1, 597.55246pt x 845.07724pt>
File: retroproj-c.pdf Graphic file (type pdf)

<use retroproj-c.pdf, page 1>
Package pdftex.def Info: retroproj-c.pdf, page1 used on input line 1024.
(pdftex.def)             Requested size: 597.551pt x 845.07518pt.
File: retroproj-c.pdf Graphic file (type pdf)
 <use retroproj-c.pdf, page 1>
Package pdftex.def Info: retroproj-c.pdf, page1 used on input line 1024.
(pdftex.def)             Requested size: 478.04262pt x 676.06271pt.
File: retroproj-c.pdf Graphic file (type pdf)

<use retroproj-c.pdf, page 1>
Package pdftex.def Info: retroproj-c.pdf, page1 used on input line 1024.
(pdftex.def)             Requested size: 478.04262pt x 676.06271pt.
File: retroproj-c.pdf Graphic file (type pdf)
 <use retroproj-c.pdf, page 1>
Package pdftex.def Info: retroproj-c.pdf, page1 used on input line 1024.
(pdftex.def)             Requested size: 478.04262pt x 676.06271pt.
File: retroproj-c.pdf Graphic file (type pdf)

<use retroproj-c.pdf, page 1>
Package pdftex.def Info: retroproj-c.pdf, page1 used on input line 1028.
(pdftex.def)             Requested size: 478.04262pt x 676.06271pt.
 [22 <./retroproj-c.pdf>]
File: retroproj-c.pdf Graphic file (type pdf)
 <use retroproj-c.pdf>
Package pdftex.def Info: retroproj-c.pdf used on input line 1032.
(pdftex.def)             Requested size: 597.551pt x 845.07518pt.


pdfTeX warning: pdflatex (file ./retroproj-c.pdf): PDF inclusion: found PDF ver
sion <1.7>, but at most version <1.5> allowed
File: retroproj-c.pdf Graphic file (type pdf)
<use retroproj-c.pdf>
Package pdftex.def Info: retroproj-c.pdf used on input line 1032.
(pdftex.def)             Requested size: 597.551pt x 845.07518pt.


pdfTeX warning: pdflatex (file ./retroproj-c.pdf): PDF inclusion: found PDF ver
sion <1.7>, but at most version <1.5> allowed


pdfTeX warning: pdflatex (file ./retroproj-c.pdf): PDF inclusion: found PDF ver
sion <1.7>, but at most version <1.5> allowed
<retroproj-c.pdf, id=277, page=2, 597.55246pt x 845.07724pt>
File: retroproj-c.pdf Graphic file (type pdf)

<use retroproj-c.pdf, page 2>
Package pdftex.def Info: retroproj-c.pdf, page2 used on input line 1032.
(pdftex.def)             Requested size: 597.551pt x 845.07518pt.
File: retroproj-c.pdf Graphic file (type pdf)
 <use retroproj-c.pdf, page 2>
Package pdftex.def Info: retroproj-c.pdf, page2 used on input line 1032.
(pdftex.def)             Requested size: 478.04262pt x 676.06271pt.
File: retroproj-c.pdf Graphic file (type pdf)

<use retroproj-c.pdf, page 2>
Package pdftex.def Info: retroproj-c.pdf, page2 used on input line 1032.
(pdftex.def)             Requested size: 478.04262pt x 676.06271pt.
File: retroproj-c.pdf Graphic file (type pdf)
 <use retroproj-c.pdf, page 2>
Package pdftex.def Info: retroproj-c.pdf, page2 used on input line 1032.
(pdftex.def)             Requested size: 478.04262pt x 676.06271pt.
File: retroproj-c.pdf Graphic file (type pdf)

<use retroproj-c.pdf, page 2>
Package pdftex.def Info: retroproj-c.pdf, page2 used on input line 1036.
(pdftex.def)             Requested size: 478.04262pt x 676.06271pt.
 [23 <./retroproj-c.pdf>]
File: retroproj-c.pdf Graphic file (type pdf)
 <use retroproj-c.pdf>
Package pdftex.def Info: retroproj-c.pdf used on input line 1040.
(pdftex.def)             Requested size: 597.551pt x 845.07518pt.


pdfTeX warning: pdflatex (file ./retroproj-c.pdf): PDF inclusion: found PDF ver
sion <1.7>, but at most version <1.5> allowed
File: retroproj-c.pdf Graphic file (type pdf)
<use retroproj-c.pdf>
Package pdftex.def Info: retroproj-c.pdf used on input line 1040.
(pdftex.def)             Requested size: 597.551pt x 845.07518pt.


pdfTeX warning: pdflatex (file ./retroproj-c.pdf): PDF inclusion: found PDF ver
sion <1.7>, but at most version <1.5> allowed


pdfTeX warning: pdflatex (file ./retroproj-c.pdf): PDF inclusion: found PDF ver
sion <1.7>, but at most version <1.5> allowed
<retroproj-c.pdf, id=283, page=3, 597.55246pt x 845.07724pt>
File: retroproj-c.pdf Graphic file (type pdf)

<use retroproj-c.pdf, page 3>
Package pdftex.def Info: retroproj-c.pdf, page3 used on input line 1040.
(pdftex.def)             Requested size: 597.551pt x 845.07518pt.
File: retroproj-c.pdf Graphic file (type pdf)
 <use retroproj-c.pdf, page 3>
Package pdftex.def Info: retroproj-c.pdf, page3 used on input line 1040.
(pdftex.def)             Requested size: 478.04262pt x 676.06271pt.
File: retroproj-c.pdf Graphic file (type pdf)

<use retroproj-c.pdf, page 3>
Package pdftex.def Info: retroproj-c.pdf, page3 used on input line 1040.
(pdftex.def)             Requested size: 478.04262pt x 676.06271pt.
File: retroproj-c.pdf Graphic file (type pdf)
 <use retroproj-c.pdf, page 3>
Package pdftex.def Info: retroproj-c.pdf, page3 used on input line 1040.
(pdftex.def)             Requested size: 478.04262pt x 676.06271pt.
File: retroproj-c.pdf Graphic file (type pdf)

<use retroproj-c.pdf, page 3>
Package pdftex.def Info: retroproj-c.pdf, page3 used on input line 1044.
(pdftex.def)             Requested size: 478.04262pt x 676.06271pt.
 [24 <./retroproj-c.pdf>]

pdfTeX warning: pdflatex (file ./filtre-h.pdf): PDF inclusion: found PDF versio
n <1.7>, but at most version <1.5> allowed
<filtre-h.pdf, id=287, 597.55246pt x 845.07724pt>
File: filtre-h.pdf Graphic file (type pdf)
 <use filtre-h.pdf>
Package pdftex.def Info: filtre-h.pdf used on input line 1050.
(pdftex.def)             Requested size: 597.551pt x 845.07518pt.


pdfTeX warning: pdflatex (file ./filtre-h.pdf): PDF inclusion: found PDF versio
n <1.7>, but at most version <1.5> allowed
File: filtre-h.pdf Graphic file (type pdf)
<use filtre-h.pdf>
Package pdftex.def Info: filtre-h.pdf used on input line 1050.
(pdftex.def)             Requested size: 597.551pt x 845.07518pt.


pdfTeX warning: pdflatex (file ./filtre-h.pdf): PDF inclusion: found PDF versio
n <1.7>, but at most version <1.5> allowed


pdfTeX warning: pdflatex (file ./filtre-h.pdf): PDF inclusion: found PDF versio
n <1.7>, but at most version <1.5> allowed
<filtre-h.pdf, id=290, page=1, 597.55246pt x 845.07724pt>
File: filtre-h.pdf Graphic file (type pdf)

<use filtre-h.pdf, page 1>
Package pdftex.def Info: filtre-h.pdf, page1 used on input line 1050.
(pdftex.def)             Requested size: 597.551pt x 845.07518pt.
File: filtre-h.pdf Graphic file (type pdf)
 <use filtre-h.pdf, page 1>
Package pdftex.def Info: filtre-h.pdf, page1 used on input line 1050.
(pdftex.def)             Requested size: 478.04262pt x 676.06271pt.
File: filtre-h.pdf Graphic file (type pdf)

<use filtre-h.pdf, page 1>
Package pdftex.def Info: filtre-h.pdf, page1 used on input line 1050.
(pdftex.def)             Requested size: 478.04262pt x 676.06271pt.
File: filtre-h.pdf Graphic file (type pdf)
 <use filtre-h.pdf, page 1>
Package pdftex.def Info: filtre-h.pdf, page1 used on input line 1050.
(pdftex.def)             Requested size: 478.04262pt x 676.06271pt.
File: filtre-h.pdf Graphic file (type pdf)

<use filtre-h.pdf, page 1>
Package pdftex.def Info: filtre-h.pdf, page1 used on input line 1054.
(pdftex.def)             Requested size: 478.04262pt x 676.06271pt.
 [25 <./filtre-h.pdf>]

pdfTeX warning: pdflatex (file ./filtre-c.pdf): PDF inclusion: found PDF versio
n <1.7>, but at most version <1.5> allowed
<filtre-c.pdf, id=328, 597.55246pt x 845.07724pt>
File: filtre-c.pdf Graphic file (type pdf)
 <use filtre-c.pdf>
Package pdftex.def Info: filtre-c.pdf used on input line 1058.
(pdftex.def)             Requested size: 597.551pt x 845.07518pt.


pdfTeX warning: pdflatex (file ./filtre-c.pdf): PDF inclusion: found PDF versio
n <1.7>, but at most version <1.5> allowed
File: filtre-c.pdf Graphic file (type pdf)
<use filtre-c.pdf>
Package pdftex.def Info: filtre-c.pdf used on input line 1058.
(pdftex.def)             Requested size: 597.551pt x 845.07518pt.


pdfTeX warning: pdflatex (file ./filtre-c.pdf): PDF inclusion: found PDF versio
n <1.7>, but at most version <1.5> allowed


pdfTeX warning: pdflatex (file ./filtre-c.pdf): PDF inclusion: found PDF versio
n <1.7>, but at most version <1.5> allowed
<filtre-c.pdf, id=331, page=1, 597.55246pt x 845.07724pt>
File: filtre-c.pdf Graphic file (type pdf)

<use filtre-c.pdf, page 1>
Package pdftex.def Info: filtre-c.pdf, page1 used on input line 1058.
(pdftex.def)             Requested size: 597.551pt x 845.07518pt.
File: filtre-c.pdf Graphic file (type pdf)
 <use filtre-c.pdf, page 1>
Package pdftex.def Info: filtre-c.pdf, page1 used on input line 1058.
(pdftex.def)             Requested size: 478.04262pt x 676.06271pt.
File: filtre-c.pdf Graphic file (type pdf)

<use filtre-c.pdf, page 1>
Package pdftex.def Info: filtre-c.pdf, page1 used on input line 1058.
(pdftex.def)             Requested size: 478.04262pt x 676.06271pt.
File: filtre-c.pdf Graphic file (type pdf)
 <use filtre-c.pdf, page 1>
Package pdftex.def Info: filtre-c.pdf, page1 used on input line 1058.
(pdftex.def)             Requested size: 478.04262pt x 676.06271pt.
File: filtre-c.pdf Graphic file (type pdf)

<use filtre-c.pdf, page 1>
Package pdftex.def Info: filtre-c.pdf, page1 used on input line 1062.
(pdftex.def)             Requested size: 478.04262pt x 676.06271pt.
 [26 <./filtre-c.pdf>]
File: filtre-c.pdf Graphic file (type pdf)
 <use filtre-c.pdf>
Package pdftex.def Info: filtre-c.pdf used on input line 1066.
(pdftex.def)             Requested size: 597.551pt x 845.07518pt.


pdfTeX warning: pdflatex (file ./filtre-c.pdf): PDF inclusion: found PDF versio
n <1.7>, but at most version <1.5> allowed
File: filtre-c.pdf Graphic file (type pdf)
<use filtre-c.pdf>
Package pdftex.def Info: filtre-c.pdf used on input line 1066.
(pdftex.def)             Requested size: 597.551pt x 845.07518pt.


pdfTeX warning: pdflatex (file ./filtre-c.pdf): PDF inclusion: found PDF versio
n <1.7>, but at most version <1.5> allowed


pdfTeX warning: pdflatex (file ./filtre-c.pdf): PDF inclusion: found PDF versio
n <1.7>, but at most version <1.5> allowed
<filtre-c.pdf, id=370, page=2, 597.55246pt x 845.07724pt>
File: filtre-c.pdf Graphic file (type pdf)

<use filtre-c.pdf, page 2>
Package pdftex.def Info: filtre-c.pdf, page2 used on input line 1066.
(pdftex.def)             Requested size: 597.551pt x 845.07518pt.
File: filtre-c.pdf Graphic file (type pdf)
 <use filtre-c.pdf, page 2>
Package pdftex.def Info: filtre-c.pdf, page2 used on input line 1066.
(pdftex.def)             Requested size: 478.04262pt x 676.06271pt.
File: filtre-c.pdf Graphic file (type pdf)

<use filtre-c.pdf, page 2>
Package pdftex.def Info: filtre-c.pdf, page2 used on input line 1066.
(pdftex.def)             Requested size: 478.04262pt x 676.06271pt.
File: filtre-c.pdf Graphic file (type pdf)
 <use filtre-c.pdf, page 2>
Package pdftex.def Info: filtre-c.pdf, page2 used on input line 1066.
(pdftex.def)             Requested size: 478.04262pt x 676.06271pt.
File: filtre-c.pdf Graphic file (type pdf)

<use filtre-c.pdf, page 2>
Package pdftex.def Info: filtre-c.pdf, page2 used on input line 1070.
(pdftex.def)             Requested size: 478.04262pt x 676.06271pt.
 [27 <./filtre-c.pdf>]
File: filtre-c.pdf Graphic file (type pdf)
 <use filtre-c.pdf>
Package pdftex.def Info: filtre-c.pdf used on input line 1074.
(pdftex.def)             Requested size: 597.551pt x 845.07518pt.


pdfTeX warning: pdflatex (file ./filtre-c.pdf): PDF inclusion: found PDF versio
n <1.7>, but at most version <1.5> allowed
File: filtre-c.pdf Graphic file (type pdf)
<use filtre-c.pdf>
Package pdftex.def Info: filtre-c.pdf used on input line 1074.
(pdftex.def)             Requested size: 597.551pt x 845.07518pt.


pdfTeX warning: pdflatex (file ./filtre-c.pdf): PDF inclusion: found PDF versio
n <1.7>, but at most version <1.5> allowed


pdfTeX warning: pdflatex (file ./filtre-c.pdf): PDF inclusion: found PDF versio
n <1.7>, but at most version <1.5> allowed
<filtre-c.pdf, id=376, page=3, 597.55246pt x 845.07724pt>
File: filtre-c.pdf Graphic file (type pdf)

<use filtre-c.pdf, page 3>
Package pdftex.def Info: filtre-c.pdf, page3 used on input line 1074.
(pdftex.def)             Requested size: 597.551pt x 845.07518pt.
File: filtre-c.pdf Graphic file (type pdf)
 <use filtre-c.pdf, page 3>
Package pdftex.def Info: filtre-c.pdf, page3 used on input line 1074.
(pdftex.def)             Requested size: 478.04262pt x 676.06271pt.
File: filtre-c.pdf Graphic file (type pdf)

<use filtre-c.pdf, page 3>
Package pdftex.def Info: filtre-c.pdf, page3 used on input line 1074.
(pdftex.def)             Requested size: 478.04262pt x 676.06271pt.
File: filtre-c.pdf Graphic file (type pdf)
 <use filtre-c.pdf, page 3>
Package pdftex.def Info: filtre-c.pdf, page3 used on input line 1074.
(pdftex.def)             Requested size: 478.04262pt x 676.06271pt.
File: filtre-c.pdf Graphic file (type pdf)

<use filtre-c.pdf, page 3>
Package pdftex.def Info: filtre-c.pdf, page3 used on input line 1078.
(pdftex.def)             Requested size: 478.04262pt x 676.06271pt.
 [28 <./filtre-c.pdf>]

** Conference Paper **
Before submitting the final camera ready copy, remember to:

 1. Manually equalize the lengths of two columns on the last page
 of your paper;

 2. Ensure that any PostScript and/or PDF output post-processing
 uses only Type 1 fonts and that every step in the generation
 process uses the appropriate paper size.

(templateIEEE_PIDR.aux)

LaTeX Warning: There were multiply-defined labels.

 ) 
Here is how much of TeX's memory you used:
 4907 strings out of 493634
 74163 string characters out of 3141289
 158527 words of memory out of 3000000
 8205 multiletter control sequences out of 15000+200000
 39709 words of font info for 75 fonts, out of 3000000 for 9000
 1029 hyphenation exceptions out of 8191
 37i,19n,40p,1323b,439s stack positions out of 5000i,500n,10000p,200000b,50000s
{C:/Program Files (x86)/MiKTeX 2.9/fonts/enc/dvips/fontname/8r.enc}<C:/Progra
m Files (x86)/MiKTeX 2.9/fonts/type1/public/amsfonts/cm/cmex10.pfb><C:/Program 
Files (x86)/MiKTeX 2.9/fonts/type1/public/amsfonts/cm/cmmi10.pfb><C:/Program Fi
les (x86)/MiKTeX 2.9/fonts/type1/public/amsfonts/cm/cmmi7.pfb><C:/Program Files
 (x86)/MiKTeX 2.9/fonts/type1/public/amsfonts/cm/cmr10.pfb><C:/Program Files (x
86)/MiKTeX 2.9/fonts/type1/public/amsfonts/cm/cmr5.pfb><C:/Program Files (x86)/
MiKTeX 2.9/fonts/type1/public/amsfonts/cm/cmr7.pfb><C:/Program Files (x86)/MiKT
eX 2.9/fonts/type1/public/amsfonts/cm/cmsy10.pfb><C:/Program Files (x86)/MiKTeX
 2.9/fonts/type1/public/amsfonts/cm/cmsy5.pfb><C:/Program Files (x86)/MiKTeX 2.
9/fonts/type1/public/amsfonts/cm/cmsy7.pfb><C:/Program Files (x86)/MiKTeX 2.9/f
onts/type1/urw/times/utmb8a.pfb><C:/Program Files (x86)/MiKTeX 2.9/fonts/type1/
urw/times/utmbi8a.pfb><C:/Program Files (x86)/MiKTeX 2.9/fonts/type1/urw/times/
utmr8a.pfb><C:/Program Files (x86)/MiKTeX 2.9/fonts/type1/urw/times/utmri8a.pfb
>
Output written on templateIEEE_PIDR.pdf (28 pages, 2545779 bytes).
PDF statistics:
 422 PDF objects out of 1000 (max. 8388607)
 0 named destinations out of 1000 (max. 500000)
 371 words of extra memory for PDF output out of 10000 (max. 10000000)

